#
# A fatal error has been detected by the Java Runtime Environment:
#
#  EXCEPTION_ACCESS_VIOLATION (0xc0000005) at pc=0x00007ff9836ff4f8, pid=10740, tid=15792
#
# JRE version: OpenJDK Runtime Environment Temurin-17.0.4.1+1 (17.0.4.1+1) (build 17.0.4.1+1)
# Java VM: OpenJDK 64-Bit Server VM Temurin-17.0.4.1+1 (17.0.4.1+1, mixed mode, tiered, compressed oops, compressed class ptrs, g1 gc, windows-amd64)
# Problematic frame:
# C  [nvcuda64.dll+0x16f4f8]
#
# No core dump will be written. Minidumps are not enabled by default on client versions of Windows
#
# If you would like to submit a bug report, please visit:
#   https://github.com/adoptium/adoptium-support/issues
# The crash happened outside the Java Virtual Machine in native code.
# See problematic frame for where to report the bug.
#

---------------  S U M M A R Y ------------

Command Line: -ea -Dfile.encoding=UTF-8 -XX:+ShowCodeDetailsInExceptionMessages org.eclipse.jdt.internal.junit.runner.RemoteTestRunner -version 3 -port 55200 -testLoaderClass org.eclipse.jdt.internal.junit5.runner.JUnit5TestLoader -loaderpluginname org.eclipse.jdt.junit5.runtime -classNames tests.MatrixTest

Host: 11th Gen Intel(R) Core(TM) i7-11800H @ 2.30GHz, 16 cores, 15G,  Windows 11 , 64 bit Build 22621 (10.0.22621.963)
Time: Tue Jan 10 05:38:58 2023 GMT Standard Time elapsed time: 1.751192 seconds (0d 0h 0m 1s)

---------------  T H R E A D  ---------------

Current thread (0x000001c939ce7790):  JavaThread "main" [_thread_in_native, id=15792, stack(0x00000062f8d00000,0x00000062f8e00000)]

Stack: [0x00000062f8d00000,0x00000062f8e00000],  sp=0x00000062f8dfb5b0,  free space=1005k
Native frames: (J=compiled Java code, j=interpreted, Vv=VM code, C=native code)
C  [nvcuda64.dll+0x16f4f8]

Java frames: (J=compiled Java code, j=interpreted, Vv=VM code)
j  jcuda.driver.JCudaDriver.cuLaunchKernelNative(Ljcuda/driver/CUfunction;IIIIIIILjcuda/driver/CUstream;Ljcuda/Pointer;Ljcuda/Pointer;)I+0
j  jcuda.driver.JCudaDriver.cuLaunchKernel(Ljcuda/driver/CUfunction;IIIIIIILjcuda/driver/CUstream;Ljcuda/Pointer;Ljcuda/Pointer;)I+18
j  GPUCode.MatrixOperation.add(Lnet/Matrix1D;Lnet/Matrix1D;)Lnet/Matrix1D;+213
j  tests.MatrixTest.testCuda()V+95
v  ~StubRoutines::call_stub
j  jdk.internal.reflect.NativeMethodAccessorImpl.invoke0(Ljava/lang/reflect/Method;Ljava/lang/Object;[Ljava/lang/Object;)Ljava/lang/Object;+0 java.base@17.0.4.1
j  jdk.internal.reflect.NativeMethodAccessorImpl.invoke(Ljava/lang/Object;[Ljava/lang/Object;)Ljava/lang/Object;+133 java.base@17.0.4.1
j  jdk.internal.reflect.DelegatingMethodAccessorImpl.invoke(Ljava/lang/Object;[Ljava/lang/Object;)Ljava/lang/Object;+6 java.base@17.0.4.1
j  java.lang.reflect.Method.invoke(Ljava/lang/Object;[Ljava/lang/Object;)Ljava/lang/Object;+59 java.base@17.0.4.1
j  org.junit.platform.commons.util.ReflectionUtils.invokeMethod(Ljava/lang/reflect/Method;Ljava/lang/Object;[Ljava/lang/Object;)Ljava/lang/Object;+42
j  org.junit.jupiter.engine.execution.MethodInvocation.proceed()Ljava/lang/Object;+16
j  org.junit.jupiter.engine.execution.InvocationInterceptorChain$ValidatingInvocation.proceed()Ljava/lang/Object;+8
j  org.junit.jupiter.engine.extension.TimeoutExtension.intercept(Lorg/junit/jupiter/api/extension/InvocationInterceptor$Invocation;Lorg/junit/jupiter/api/extension/ReflectiveInvocationContext;Lorg/junit/jupiter/api/extension/ExtensionContext;Lorg/junit/jupiter/engine/extension/TimeoutDuration;Lorg/junit/jupiter/engine/extension/TimeoutExtension$TimeoutProvider;)Ljava/lang/Object;+28
j  org.junit.jupiter.engine.extension.TimeoutExtension.interceptTestableMethod(Lorg/junit/jupiter/api/extension/InvocationInterceptor$Invocation;Lorg/junit/jupiter/api/extension/ReflectiveInvocationContext;Lorg/junit/jupiter/api/extension/ExtensionContext;Lorg/junit/jupiter/engine/extension/TimeoutExtension$TimeoutProvider;)Ljava/lang/Object;+31
j  org.junit.jupiter.engine.extension.TimeoutExtension.interceptTestMethod(Lorg/junit/jupiter/api/extension/InvocationInterceptor$Invocation;Lorg/junit/jupiter/api/extension/ReflectiveInvocationContext;Lorg/junit/jupiter/api/extension/ExtensionContext;)V+9
j  org.junit.jupiter.engine.descriptor.TestMethodTestDescriptor$$Lambda$149+0x000000080010d5e8.apply(Lorg/junit/jupiter/api/extension/InvocationInterceptor;Lorg/junit/jupiter/api/extension/InvocationInterceptor$Invocation;Lorg/junit/jupiter/api/extension/ReflectiveInvocationContext;Lorg/junit/jupiter/api/extension/ExtensionContext;)V+5
j  org.junit.jupiter.engine.execution.InterceptingExecutableInvoker$ReflectiveInterceptorCall.lambda$ofVoidMethod$0(Lorg/junit/jupiter/engine/execution/InterceptingExecutableInvoker$ReflectiveInterceptorCall$VoidMethodInterceptorCall;Lorg/junit/jupiter/api/extension/InvocationInterceptor;Lorg/junit/jupiter/api/extension/InvocationInterceptor$Invocation;Lorg/junit/jupiter/api/extension/ReflectiveInvocationContext;Lorg/junit/jupiter/api/extension/ExtensionContext;)Ljava/lang/Void;+6
j  org.junit.jupiter.engine.execution.InterceptingExecutableInvoker$ReflectiveInterceptorCall$$Lambda$150+0x000000080010d9f8.apply(Lorg/junit/jupiter/api/extension/InvocationInterceptor;Lorg/junit/jupiter/api/extension/InvocationInterceptor$Invocation;Lorg/junit/jupiter/api/extension/ReflectiveInvocationContext;Lorg/junit/jupiter/api/extension/ExtensionContext;)Ljava/lang/Object;+9
j  org.junit.jupiter.engine.execution.InterceptingExecutableInvoker.lambda$invoke$0(Lorg/junit/jupiter/engine/execution/InterceptingExecutableInvoker$ReflectiveInterceptorCall;Lorg/junit/jupiter/api/extension/ReflectiveInvocationContext;Lorg/junit/jupiter/api/extension/ExtensionContext;Lorg/junit/jupiter/api/extension/InvocationInterceptor;Lorg/junit/jupiter/api/extension/InvocationInterceptor$Invocation;)Ljava/lang/Object;+6
j  org.junit.jupiter.engine.execution.InterceptingExecutableInvoker$$Lambda$330+0x0000000800185f78.apply(Lorg/junit/jupiter/api/extension/InvocationInterceptor;Lorg/junit/jupiter/api/extension/InvocationInterceptor$Invocation;)Ljava/lang/Object;+14
j  org.junit.jupiter.engine.execution.InvocationInterceptorChain$InterceptedInvocation.proceed()Ljava/lang/Object;+12
j  org.junit.jupiter.engine.execution.InvocationInterceptorChain.proceed(Lorg/junit/jupiter/api/extension/InvocationInterceptor$Invocation;)Ljava/lang/Object;+1
j  org.junit.jupiter.engine.execution.InvocationInterceptorChain.chainAndInvoke(Lorg/junit/jupiter/api/extension/InvocationInterceptor$Invocation;Lorg/junit/jupiter/engine/execution/InvocationInterceptorChain$InterceptorCall;Ljava/util/List;)Ljava/lang/Object;+24
j  org.junit.jupiter.engine.execution.InvocationInterceptorChain.invoke(Lorg/junit/jupiter/api/extension/InvocationInterceptor$Invocation;Lorg/junit/jupiter/engine/extension/ExtensionRegistry;Lorg/junit/jupiter/engine/execution/InvocationInterceptorChain$InterceptorCall;)Ljava/lang/Object;+31
j  org.junit.jupiter.engine.execution.InterceptingExecutableInvoker.invoke(Lorg/junit/jupiter/api/extension/InvocationInterceptor$Invocation;Lorg/junit/jupiter/api/extension/ReflectiveInvocationContext;Lorg/junit/jupiter/api/extension/ExtensionContext;Lorg/junit/jupiter/engine/extension/ExtensionRegistry;Lorg/junit/jupiter/engine/execution/InterceptingExecutableInvoker$ReflectiveInterceptorCall;)Ljava/lang/Object;+15
j  org.junit.jupiter.engine.execution.InterceptingExecutableInvoker.invoke(Ljava/lang/reflect/Method;Ljava/lang/Object;Lorg/junit/jupiter/api/extension/ExtensionContext;Lorg/junit/jupiter/engine/extension/ExtensionRegistry;Lorg/junit/jupiter/engine/execution/InterceptingExecutableInvoker$ReflectiveInterceptorCall;)Ljava/lang/Object;+55
j  org.junit.jupiter.engine.descriptor.TestMethodTestDescriptor.lambda$invokeTestMethod$7(Lorg/junit/jupiter/api/extension/ExtensionContext;Lorg/junit/jupiter/engine/execution/JupiterEngineExecutionContext;)V+28
j  org.junit.jupiter.engine.descriptor.TestMethodTestDescriptor$$Lambda$341+0x000000080018c410.execute()V+12
j  org.junit.platform.engine.support.hierarchical.ThrowableCollector.execute(Lorg/junit/platform/engine/support/hierarchical/ThrowableCollector$Executable;)V+1
j  org.junit.jupiter.engine.descriptor.TestMethodTestDescriptor.invokeTestMethod(Lorg/junit/jupiter/engine/execution/JupiterEngineExecutionContext;Lorg/junit/platform/engine/support/hierarchical/Node$DynamicTestExecutor;)V+21
j  org.junit.jupiter.engine.descriptor.TestMethodTestDescriptor.execute(Lorg/junit/jupiter/engine/execution/JupiterEngineExecutionContext;Lorg/junit/platform/engine/support/hierarchical/Node$DynamicTestExecutor;)Lorg/junit/jupiter/engine/execution/JupiterEngineExecutionContext;+44
j  org.junit.jupiter.engine.descriptor.TestMethodTestDescriptor.execute(Lorg/junit/platform/engine/support/hierarchical/EngineExecutionContext;Lorg/junit/platform/engine/support/hierarchical/Node$DynamicTestExecutor;)Lorg/junit/platform/engine/support/hierarchical/EngineExecutionContext;+6
j  org.junit.platform.engine.support.hierarchical.NodeTestTask.lambda$executeRecursively$6()V+79
j  org.junit.platform.engine.support.hierarchical.NodeTestTask$$Lambda$272+0x0000000800139bc0.execute()V+4
j  org.junit.platform.engine.support.hierarchical.ThrowableCollector.execute(Lorg/junit/platform/engine/support/hierarchical/ThrowableCollector$Executable;)V+1
j  org.junit.platform.engine.support.hierarchical.NodeTestTask.lambda$executeRecursively$8(Lorg/junit/platform/engine/support/hierarchical/EngineExecutionContext;)V+15
j  org.junit.platform.engine.support.hierarchical.NodeTestTask$$Lambda$271+0x00000008001399a0.invoke(Lorg/junit/platform/engine/support/hierarchical/EngineExecutionContext;)V+5
j  org.junit.platform.engine.support.hierarchical.Node.around(Lorg/junit/platform/engine/support/hierarchical/EngineExecutionContext;Lorg/junit/platform/engine/support/hierarchical/Node$Invocation;)V+2
j  org.junit.platform.engine.support.hierarchical.NodeTestTask.lambda$executeRecursively$9()V+14
j  org.junit.platform.engine.support.hierarchical.NodeTestTask$$Lambda$270+0x0000000800139588.execute()V+4
j  org.junit.platform.engine.support.hierarchical.ThrowableCollector.execute(Lorg/junit/platform/engine/support/hierarchical/ThrowableCollector$Executable;)V+1
j  org.junit.platform.engine.support.hierarchical.NodeTestTask.executeRecursively()V+31
j  org.junit.platform.engine.support.hierarchical.NodeTestTask.execute()V+55
j  org.junit.platform.engine.support.hierarchical.SameThreadHierarchicalTestExecutorService$$Lambda$276+0x000000080013a6b0.accept(Ljava/lang/Object;)V+4
j  java.util.ArrayList.forEach(Ljava/util/function/Consumer;)V+46 java.base@17.0.4.1
j  org.junit.platform.engine.support.hierarchical.SameThreadHierarchicalTestExecutorService.invokeAll(Ljava/util/List;)V+6
j  org.junit.platform.engine.support.hierarchical.NodeTestTask.lambda$executeRecursively$6()V+116
j  org.junit.platform.engine.support.hierarchical.NodeTestTask$$Lambda$272+0x0000000800139bc0.execute()V+4
j  org.junit.platform.engine.support.hierarchical.ThrowableCollector.execute(Lorg/junit/platform/engine/support/hierarchical/ThrowableCollector$Executable;)V+1
j  org.junit.platform.engine.support.hierarchical.NodeTestTask.lambda$executeRecursively$8(Lorg/junit/platform/engine/support/hierarchical/EngineExecutionContext;)V+15
j  org.junit.platform.engine.support.hierarchical.NodeTestTask$$Lambda$271+0x00000008001399a0.invoke(Lorg/junit/platform/engine/support/hierarchical/EngineExecutionContext;)V+5
j  org.junit.platform.engine.support.hierarchical.Node.around(Lorg/junit/platform/engine/support/hierarchical/EngineExecutionContext;Lorg/junit/platform/engine/support/hierarchical/Node$Invocation;)V+2
j  org.junit.platform.engine.support.hierarchical.NodeTestTask.lambda$executeRecursively$9()V+14
j  org.junit.platform.engine.support.hierarchical.NodeTestTask$$Lambda$270+0x0000000800139588.execute()V+4
j  org.junit.platform.engine.support.hierarchical.ThrowableCollector.execute(Lorg/junit/platform/engine/support/hierarchical/ThrowableCollector$Executable;)V+1
j  org.junit.platform.engine.support.hierarchical.NodeTestTask.executeRecursively()V+31
j  org.junit.platform.engine.support.hierarchical.NodeTestTask.execute()V+55
j  org.junit.platform.engine.support.hierarchical.SameThreadHierarchicalTestExecutorService$$Lambda$276+0x000000080013a6b0.accept(Ljava/lang/Object;)V+4
j  java.util.ArrayList.forEach(Ljava/util/function/Consumer;)V+46 java.base@17.0.4.1
j  org.junit.platform.engine.support.hierarchical.SameThreadHierarchicalTestExecutorService.invokeAll(Ljava/util/List;)V+6
j  org.junit.platform.engine.support.hierarchical.NodeTestTask.lambda$executeRecursively$6()V+116
j  org.junit.platform.engine.support.hierarchical.NodeTestTask$$Lambda$272+0x0000000800139bc0.execute()V+4
j  org.junit.platform.engine.support.hierarchical.ThrowableCollector.execute(Lorg/junit/platform/engine/support/hierarchical/ThrowableCollector$Executable;)V+1
j  org.junit.platform.engine.support.hierarchical.NodeTestTask.lambda$executeRecursively$8(Lorg/junit/platform/engine/support/hierarchical/EngineExecutionContext;)V+15
j  org.junit.platform.engine.support.hierarchical.NodeTestTask$$Lambda$271+0x00000008001399a0.invoke(Lorg/junit/platform/engine/support/hierarchical/EngineExecutionContext;)V+5
j  org.junit.platform.engine.support.hierarchical.Node.around(Lorg/junit/platform/engine/support/hierarchical/EngineExecutionContext;Lorg/junit/platform/engine/support/hierarchical/Node$Invocation;)V+2
j  org.junit.platform.engine.support.hierarchical.NodeTestTask.lambda$executeRecursively$9()V+14
j  org.junit.platform.engine.support.hierarchical.NodeTestTask$$Lambda$270+0x0000000800139588.execute()V+4
j  org.junit.platform.engine.support.hierarchical.ThrowableCollector.execute(Lorg/junit/platform/engine/support/hierarchical/ThrowableCollector$Executable;)V+1
j  org.junit.platform.engine.support.hierarchical.NodeTestTask.executeRecursively()V+31
j  org.junit.platform.engine.support.hierarchical.NodeTestTask.execute()V+55
j  org.junit.platform.engine.support.hierarchical.SameThreadHierarchicalTestExecutorService.submit(Lorg/junit/platform/engine/support/hierarchical/HierarchicalTestExecutorService$TestTask;)Ljava/util/concurrent/Future;+1
j  org.junit.platform.engine.support.hierarchical.HierarchicalTestExecutor.execute()Ljava/util/concurrent/Future;+74
j  org.junit.platform.engine.support.hierarchical.HierarchicalTestEngine.execute(Lorg/junit/platform/engine/ExecutionRequest;)V+31
j  org.junit.platform.launcher.core.EngineExecutionOrchestrator.execute(Lorg/junit/platform/engine/TestDescriptor;Lorg/junit/platform/engine/EngineExecutionListener;Lorg/junit/platform/engine/ConfigurationParameters;Lorg/junit/platform/engine/TestEngine;)V+24
j  org.junit.platform.launcher.core.EngineExecutionOrchestrator.execute(Lorg/junit/platform/launcher/core/LauncherDiscoveryResult;Lorg/junit/platform/engine/EngineExecutionListener;)V+100
j  org.junit.platform.launcher.core.EngineExecutionOrchestrator.execute(Lorg/junit/platform/launcher/core/InternalTestPlan;Lorg/junit/platform/engine/EngineExecutionListener;Lorg/junit/platform/launcher/TestExecutionListener;)V+63
j  org.junit.platform.launcher.core.EngineExecutionOrchestrator.lambda$execute$0(Lorg/junit/platform/launcher/core/InternalTestPlan;Lorg/junit/platform/launcher/TestExecutionListener;)V+6
j  org.junit.platform.launcher.core.EngineExecutionOrchestrator$$Lambda$227+0x0000000800120c00.accept(Ljava/lang/Object;)V+12
j  org.junit.platform.launcher.core.EngineExecutionOrchestrator.withInterceptedStreams(Lorg/junit/platform/engine/ConfigurationParameters;Lorg/junit/platform/launcher/core/ListenerRegistry;Ljava/util/function/Consumer;)V+51
j  org.junit.platform.launcher.core.EngineExecutionOrchestrator.execute(Lorg/junit/platform/launcher/core/InternalTestPlan;[Lorg/junit/platform/launcher/TestExecutionListener;)V+23
j  org.junit.platform.launcher.core.DefaultLauncher.execute(Lorg/junit/platform/launcher/core/InternalTestPlan;[Lorg/junit/platform/launcher/TestExecutionListener;)V+6
j  org.junit.platform.launcher.core.DefaultLauncher.execute(Lorg/junit/platform/launcher/TestPlan;[Lorg/junit/platform/launcher/TestExecutionListener;)V+36
j  org.junit.platform.launcher.core.DefaultLauncherSession$DelegatingLauncher.execute(Lorg/junit/platform/launcher/TestPlan;[Lorg/junit/platform/launcher/TestExecutionListener;)V+6
j  org.junit.platform.launcher.core.SessionPerRequestLauncher.execute(Lorg/junit/platform/launcher/TestPlan;[Lorg/junit/platform/launcher/TestExecutionListener;)V+13
j  org.eclipse.jdt.internal.junit5.runner.JUnit5TestReference.run(Lorg/eclipse/jdt/internal/junit/runner/TestExecution;)V+69
j  org.eclipse.jdt.internal.junit.runner.TestExecution.run([Lorg/eclipse/jdt/internal/junit/runner/ITestReference;)V+27
j  org.eclipse.jdt.internal.junit.runner.RemoteTestRunner.runTests([Ljava/lang/String;Ljava/lang/String;Lorg/eclipse/jdt/internal/junit/runner/TestExecution;)V+62
j  org.eclipse.jdt.internal.junit.runner.RemoteTestRunner.runTests(Lorg/eclipse/jdt/internal/junit/runner/TestExecution;)V+10
j  org.eclipse.jdt.internal.junit.runner.RemoteTestRunner.run()V+70
j  org.eclipse.jdt.internal.junit.runner.RemoteTestRunner.main([Ljava/lang/String;)V+14
v  ~StubRoutines::call_stub

siginfo: EXCEPTION_ACCESS_VIOLATION (0xc0000005), reading address 0xffffffffffffffff


Register to memory mapping:

RIP=0x00007ff9836ff4f8 nvcuda64.dll
RAX=0x0 is NULL
RBX=0x000001c96474af94 points into unknown readable memory: 00 00 20 08
RCX=0x0000000000000018 is an unknown value
RDX=0x88052fc9de36a963 is an unknown value
RSP=0x00000062f8dfb5b0 is pointing into the stack for thread: 0x000001c939ce7790
RBP=0x000001c95b4b4320 points into unknown readable memory: 0x0000000100000001 | 01 00 00 00 01 00 00 00
RSI=0x000001c95b4b4320 points into unknown readable memory: 0x0000000100000001 | 01 00 00 00 01 00 00 00
RDI=0x0000000000000003 is an unknown value
R8 =0x0000000000000003 is an unknown value
R9 =0x0000000000000004 is an unknown value
R10=0x000001c96474af94 points into unknown readable memory: 00 00 20 08
R11=0x00000062f8dfb878 is pointing into the stack for thread: 0x000001c939ce7790
R12=0x000001c95b048540 points into unknown readable memory: 0x000001c95aaf49f0 | f0 49 af 5a c9 01 00 00
R13=0x000001c95ab1aa90 points into unknown readable memory: 0x000001c95ab4f2d0 | d0 f2 b4 5a c9 01 00 00
R14=0x000001c95aadb090 points into unknown readable memory: 0x000001c95b4db130 | 30 b1 4d 5b c9 01 00 00
R15=0x000001c96474adec points into unknown readable memory: 62 20 02 20


Registers:
RAX=0x0000000000000000, RBX=0x000001c96474af94, RCX=0x0000000000000018, RDX=0x88052fc9de36a963
RSP=0x00000062f8dfb5b0, RBP=0x000001c95b4b4320, RSI=0x000001c95b4b4320, RDI=0x0000000000000003
R8 =0x0000000000000003, R9 =0x0000000000000004, R10=0x000001c96474af94, R11=0x00000062f8dfb878
R12=0x000001c95b048540, R13=0x000001c95ab1aa90, R14=0x000001c95aadb090, R15=0x000001c96474adec
RIP=0x00007ff9836ff4f8, EFLAGS=0x0000000000010246

Top of Stack: (sp=0x00000062f8dfb5b0)
0x00000062f8dfb5b0:   0000000000000163 00007ff9835c057e
0x00000062f8dfb5c0:   0000001000000030 000001c96474ae10
0x00000062f8dfb5d0:   00000062f8dfb8d8 00007ff983734cf7
0x00000062f8dfb5e0:   000001c96474afb0 00000062f8dfc310
0x00000062f8dfb5f0:   000001c95b4b4320 000001c95b4b4320
0x00000062f8dfb600:   000001c95aaf49f0 00007ff9835be077
0x00000062f8dfb610:   000001c96474af94 00000062f8dfc220
0x00000062f8dfb620:   000001c96474af70 00000062f8dfb8d8
0x00000062f8dfb630:   0000000900410160 0000006200000002
0x00000062f8dfb640:   0000006200004000 0000006200000400
0x00000062f8dfb650:   0000000000000000 00007ff9836c4706
0x00000062f8dfb660:   000001c95ab1aa90 000001c95b4b43a0
0x00000062f8dfb670:   0000040000004000 0000000000000000
0x00000062f8dfb680:   400021c05bbafe68 000000005bd0bc88
0x00000062f8dfb690:   00000062f8dfc220 00007ff9835bcb64
0x00000062f8dfb6a0:   000001c95abddd50 000001c95b4b4320 

Instructions: (pc=0x00007ff9836ff4f8)
0x00007ff9836ff3f8:   50 48 8b 09 e8 2f 69 12 00 48 85 c0 74 4f 48 8b
0x00007ff9836ff408:   8b a8 01 00 00 8b 40 0c 48 85 c9 74 39 85 c0 74
0x00007ff9836ff418:   35 48 8b 09 8b d0 e8 fd 6c 12 00 48 85 c0 74 1a
0x00007ff9836ff428:   0f 1f 84 00 00 00 00 00 48 8b 48 10 48 8b 40 30
0x00007ff9836ff438:   48 85 c0 75 f3 48 89 0f eb 1f 48 8b 4c 24 28 33
0x00007ff9836ff448:   c0 48 89 0f eb 13 b8 e7 03 00 00 eb 0c b8 f4 01
0x00007ff9836ff458:   00 00 eb 05 b8 01 00 00 00 48 8b 4c 24 48 48 33
0x00007ff9836ff468:   cc e8 02 57 37 00 48 8b 5c 24 78 48 83 c4 50 5f
0x00007ff9836ff478:   c3 cc cc cc cc cc cc cc 48 89 5c 24 10 48 89 74
0x00007ff9836ff488:   24 18 41 56 48 83 ec 20 48 83 b9 98 02 00 00 00
0x00007ff9836ff498:   49 8b d8 4c 8b f2 48 8b f1 74 7a 48 89 7c 24 30
0x00007ff9836ff4a8:   33 ff 39 b9 90 02 00 00 76 66 49 8b 14 fe 44 8b
0x00007ff9836ff4b8:   c7 49 6b c8 68 48 03 8e 98 02 00 00 44 8b 49 0c
0x00007ff9836ff4c8:   8b 49 08 41 8b c1 83 e8 01 74 35 83 e8 01 74 27
0x00007ff9836ff4d8:   83 e8 02 74 1b 83 f8 04 74 0d 45 8b c1 48 03 cb
0x00007ff9836ff4e8:   e8 63 5a 38 00 eb 1f 48 8b 02 48 89 04 19 eb 16
0x00007ff9836ff4f8:   8b 02 89 04 19 eb 0f 0f b7 02 66 89 04 19 eb 06
0x00007ff9836ff508:   0f b6 02 88 04 19 ff c7 3b be 90 02 00 00 72 9a
0x00007ff9836ff518:   48 8b 7c 24 30 48 8b 5c 24 38 48 8b 74 24 40 48
0x00007ff9836ff528:   83 c4 20 41 5e c3 cc cc 48 89 5c 24 08 48 89 6c
0x00007ff9836ff538:   24 10 48 89 74 24 18 57 48 83 ec 20 33 f6 45 33
0x00007ff9836ff548:   d2 48 89 b1 68 03 00 00 49 8b e9 48 89 b1 70 03
0x00007ff9836ff558:   00 00 4c 8b da 48 8b d9 4d 85 c0 74 27 49 8b 00
0x00007ff9836ff568:   48 85 c0 74 1f 48 83 e8 01 74 0f 48 83 f8 01 75
0x00007ff9836ff578:   46 49 8b 40 08 48 8b 30 eb 04 4d 8b 50 08 49 83
0x00007ff9836ff588:   c0 10 75 d9 48 8b 7c 24 60 48 85 f6 74 33 4d 85
0x00007ff9836ff598:   db 75 24 4d 85 d2 74 1f 48 8b 41 20 48 8b 48 18
0x00007ff9836ff5a8:   48 8b 41 48 8b 88 c0 0e 00 00 8d 46 03 83 e0 fc
0x00007ff9836ff5b8:   c1 e1 02 3b c1 76 33 b8 01 00 00 00 e9 f9 00 00
0x00007ff9836ff5c8:   00 8b 91 90 02 00 00 85 d2 74 1a 4d 85 db 74 e7
0x00007ff9836ff5d8:   33 c9 85 d2 74 0f 66 90 49 83 3c cb 00 74 d8 ff
0x00007ff9836ff5e8:   c1 3b ca 72 f3 48 85 f6 74 04 b0 01 eb 10 83 fa 


Stack slot to memory mapping:
stack at sp + 0 slots: 0x0000000000000163 is an unknown value
stack at sp + 1 slots: 0x00007ff9835c057e nvcuda64.dll
stack at sp + 2 slots: 0x0000001000000030 is an unknown value
stack at sp + 3 slots: 0x000001c96474ae10 points into unknown readable memory: 0x0000000800000008 | 08 00 00 00 08 00 00 00
stack at sp + 4 slots: 0x00000062f8dfb8d8 is pointing into the stack for thread: 0x000001c939ce7790
stack at sp + 5 slots: 0x00007ff983734cf7 nvcuda64.dll
stack at sp + 6 slots: 0x000001c96474afb0 points into unknown readable memory: 0x0000000000000000 | 00 00 00 00 00 00 00 00
stack at sp + 7 slots: 0x00000062f8dfc310 is pointing into the stack for thread: 0x000001c939ce7790


---------------  P R O C E S S  ---------------

Threads class SMR info:
_java_thread_list=0x000001c95ab4bbc0, length=19, elements={
0x000001c939ce7790, 0x000001c959c9b010, 0x000001c959c54fe0, 0x000001c959c88e10,
0x000001c959cb6010, 0x000001c959cb68d0, 0x000001c959cb7190, 0x000001c959cb99a0,
0x000001c959cce830, 0x000001c959d02050, 0x000001c959cce320, 0x000001c959e873a0,
0x000001c959ea1550, 0x000001c95a43fd70, 0x000001c95b1c42f0, 0x000001c95b1cbc70,
0x000001c95b1c4d10, 0x000001c95b1c5c40, 0x000001c959cced40
}

Java Threads: ( => current thread )
=>0x000001c939ce7790 JavaThread "main" [_thread_in_native, id=15792, stack(0x00000062f8d00000,0x00000062f8e00000)]
  0x000001c959c9b010 JavaThread "Reference Handler" daemon [_thread_blocked, id=20940, stack(0x00000062f9400000,0x00000062f9500000)]
  0x000001c959c54fe0 JavaThread "Finalizer" daemon [_thread_blocked, id=10284, stack(0x00000062f9500000,0x00000062f9600000)]
  0x000001c959c88e10 JavaThread "Signal Dispatcher" daemon [_thread_blocked, id=21584, stack(0x00000062f9600000,0x00000062f9700000)]
  0x000001c959cb6010 JavaThread "Attach Listener" daemon [_thread_blocked, id=13152, stack(0x00000062f9700000,0x00000062f9800000)]
  0x000001c959cb68d0 JavaThread "Service Thread" daemon [_thread_blocked, id=10228, stack(0x00000062f9800000,0x00000062f9900000)]
  0x000001c959cb7190 JavaThread "Monitor Deflation Thread" daemon [_thread_blocked, id=21096, stack(0x00000062f9900000,0x00000062f9a00000)]
  0x000001c959cb99a0 JavaThread "C2 CompilerThread0" daemon [_thread_blocked, id=12524, stack(0x00000062f9a00000,0x00000062f9b00000)]
  0x000001c959cce830 JavaThread "C1 CompilerThread0" daemon [_thread_blocked, id=21772, stack(0x00000062f9b00000,0x00000062f9c00000)]
  0x000001c959d02050 JavaThread "Sweeper thread" daemon [_thread_blocked, id=972, stack(0x00000062f9c00000,0x00000062f9d00000)]
  0x000001c959cce320 JavaThread "C1 CompilerThread1" daemon [_thread_blocked, id=21052, stack(0x00000062f9d00000,0x00000062f9e00000)]
  0x000001c959e873a0 JavaThread "Notification Thread" daemon [_thread_blocked, id=12952, stack(0x00000062f9f00000,0x00000062fa000000)]
  0x000001c959ea1550 JavaThread "Common-Cleaner" daemon [_thread_blocked, id=16788, stack(0x00000062fa100000,0x00000062fa200000)]
  0x000001c95a43fd70 JavaThread "ReaderThread" [_thread_in_native, id=16656, stack(0x00000062fa200000,0x00000062fa300000)]
  0x000001c95b1c42f0 JavaThread "C2 CompilerThread1" daemon [_thread_blocked, id=6624, stack(0x00000062f9e00000,0x00000062f9f00000)]
  0x000001c95b1cbc70 JavaThread "C2 CompilerThread2" daemon [_thread_blocked, id=10632, stack(0x00000062fa300000,0x00000062fa400000)]
  0x000001c95b1c4d10 JavaThread "C2 CompilerThread3" daemon [_thread_blocked, id=19128, stack(0x00000062fab00000,0x00000062fac00000)]
  0x000001c95b1c5c40 JavaThread "C2 CompilerThread4" daemon [_thread_blocked, id=21092, stack(0x00000062fac00000,0x00000062fad00000)]
  0x000001c959cced40 JavaThread "C2 CompilerThread5" daemon [_thread_blocked, id=7772, stack(0x00000062fad00000,0x00000062fae00000)]

Other Threads:
  0x000001c959c7a3e0 VMThread "VM Thread" [stack: 0x00000062f9300000,0x00000062f9400000] [id=8880]
  0x000001c939d72d70 WatcherThread [stack: 0x00000062fa000000,0x00000062fa100000] [id=21912]
  0x000001c939d55230 GCTaskThread "GC Thread#0" [stack: 0x00000062f8e00000,0x00000062f8f00000] [id=4972]
  0x000001c95aaa33f0 GCTaskThread "GC Thread#1" [stack: 0x00000062fa400000,0x00000062fa500000] [id=21652]
  0x000001c95aaa3ab0 GCTaskThread "GC Thread#2" [stack: 0x00000062fa500000,0x00000062fa600000] [id=20732]
  0x000001c95a9c1110 GCTaskThread "GC Thread#3" [stack: 0x00000062fa600000,0x00000062fa700000] [id=8036]
  0x000001c95a9c17c0 GCTaskThread "GC Thread#4" [stack: 0x00000062fa700000,0x00000062fa800000] [id=6136]
  0x000001c95a9f1230 GCTaskThread "GC Thread#5" [stack: 0x00000062fa800000,0x00000062fa900000] [id=22264]
  0x000001c95aa00cd0 GCTaskThread "GC Thread#6" [stack: 0x00000062fa900000,0x00000062faa00000] [id=20912]
  0x000001c939d66e10 ConcurrentGCThread "G1 Main Marker" [stack: 0x00000062f8f00000,0x00000062f9000000] [id=21252]
  0x000001c939d68120 ConcurrentGCThread "G1 Conc#0" [stack: 0x00000062f9000000,0x00000062f9100000] [id=21384]
  0x000001c939da48a0 ConcurrentGCThread "G1 Refine#0" [stack: 0x00000062f9100000,0x00000062f9200000] [id=2436]
  0x000001c958647430 ConcurrentGCThread "G1 Service" [stack: 0x00000062f9200000,0x00000062f9300000] [id=22072]

Threads with active compile tasks:

VM state: not at safepoint (normal execution)

VM Mutex/Monitor currently owned by a thread: None

Heap address: 0x0000000703600000, size: 4042 MB, Compressed Oops mode: Zero based, Oop shift amount: 3

CDS archive(s) not mapped
Compressed class space mapped at: 0x0000000800000000-0x0000000840000000, reserved size: 1073741824
Narrow klass base: 0x0000000800000000, Narrow klass shift: 0, Narrow klass range: 0x40000000

GC Precious Log:
 CPUs: 16 total, 16 available
 Memory: 16163M
 Large Page Support: Disabled
 NUMA Support: Disabled
 Compressed Oops: Enabled (Zero based)
 Heap Region Size: 2M
 Heap Min Capacity: 8M
 Heap Initial Capacity: 254M
 Heap Max Capacity: 4042M
 Pre-touch: Disabled
 Parallel Workers: 13
 Concurrent Workers: 3
 Concurrent Refinement Workers: 13
 Periodic GC: Disabled

Heap:
 garbage-first heap   total 260096K, used 16206K [0x0000000703600000, 0x0000000800000000)
  region size 2048K, 5 young (10240K), 2 survivors (4096K)
 Metaspace       used 14616K, committed 14784K, reserved 1064960K
  class space    used 1515K, committed 1600K, reserved 1048576K

Heap Regions: E=young(eden), S=young(survivor), O=old, HS=humongous(starts), HC=humongous(continues), CS=collection set, F=free, OA=open archive, CA=closed archive, TAMS=top-at-mark-start (previous, next)
|   0|0x0000000703600000, 0x00000007037d3a00, 0x0000000703800000| 91%| O|  |TAMS 0x0000000703600000, 0x0000000703600000| Untracked 
|   1|0x0000000703800000, 0x0000000703a00000, 0x0000000703a00000|100%|HS|  |TAMS 0x0000000703800000, 0x0000000703800000| Complete 
|   2|0x0000000703a00000, 0x0000000703c00000, 0x0000000703c00000|100%|HC|  |TAMS 0x0000000703a00000, 0x0000000703a00000| Complete 
|   3|0x0000000703c00000, 0x0000000703e00000, 0x0000000703e00000|100%|HS|  |TAMS 0x0000000703c00000, 0x0000000703c00000| Complete 
|   4|0x0000000703e00000, 0x0000000703e00000, 0x0000000704000000|  0%| F|  |TAMS 0x0000000703e00000, 0x0000000703e00000| Untracked 
|   5|0x0000000704000000, 0x0000000704000000, 0x0000000704200000|  0%| F|  |TAMS 0x0000000704000000, 0x0000000704000000| Untracked 
|   6|0x0000000704200000, 0x0000000704200000, 0x0000000704400000|  0%| F|  |TAMS 0x0000000704200000, 0x0000000704200000| Untracked 
|   7|0x0000000704400000, 0x0000000704400000, 0x0000000704600000|  0%| F|  |TAMS 0x0000000704400000, 0x0000000704400000| Untracked 
|   8|0x0000000704600000, 0x0000000704600000, 0x0000000704800000|  0%| F|  |TAMS 0x0000000704600000, 0x0000000704600000| Untracked 
|   9|0x0000000704800000, 0x0000000704800000, 0x0000000704a00000|  0%| F|  |TAMS 0x0000000704800000, 0x0000000704800000| Untracked 
|  10|0x0000000704a00000, 0x0000000704a00000, 0x0000000704c00000|  0%| F|  |TAMS 0x0000000704a00000, 0x0000000704a00000| Untracked 
|  11|0x0000000704c00000, 0x0000000704c00000, 0x0000000704e00000|  0%| F|  |TAMS 0x0000000704c00000, 0x0000000704c00000| Untracked 
|  12|0x0000000704e00000, 0x0000000704e00000, 0x0000000705000000|  0%| F|  |TAMS 0x0000000704e00000, 0x0000000704e00000| Untracked 
|  13|0x0000000705000000, 0x0000000705000000, 0x0000000705200000|  0%| F|  |TAMS 0x0000000705000000, 0x0000000705000000| Untracked 
|  14|0x0000000705200000, 0x0000000705200000, 0x0000000705400000|  0%| F|  |TAMS 0x0000000705200000, 0x0000000705200000| Untracked 
|  15|0x0000000705400000, 0x0000000705400000, 0x0000000705600000|  0%| F|  |TAMS 0x0000000705400000, 0x0000000705400000| Untracked 
|  16|0x0000000705600000, 0x0000000705600000, 0x0000000705800000|  0%| F|  |TAMS 0x0000000705600000, 0x0000000705600000| Untracked 
|  17|0x0000000705800000, 0x0000000705800000, 0x0000000705a00000|  0%| F|  |TAMS 0x0000000705800000, 0x0000000705800000| Untracked 
|  18|0x0000000705a00000, 0x0000000705a00000, 0x0000000705c00000|  0%| F|  |TAMS 0x0000000705a00000, 0x0000000705a00000| Untracked 
|  19|0x0000000705c00000, 0x0000000705c00000, 0x0000000705e00000|  0%| F|  |TAMS 0x0000000705c00000, 0x0000000705c00000| Untracked 
|  20|0x0000000705e00000, 0x0000000705e00000, 0x0000000706000000|  0%| F|  |TAMS 0x0000000705e00000, 0x0000000705e00000| Untracked 
|  21|0x0000000706000000, 0x0000000706000000, 0x0000000706200000|  0%| F|  |TAMS 0x0000000706000000, 0x0000000706000000| Untracked 
|  22|0x0000000706200000, 0x0000000706200000, 0x0000000706400000|  0%| F|  |TAMS 0x0000000706200000, 0x0000000706200000| Untracked 
|  23|0x0000000706400000, 0x0000000706400000, 0x0000000706600000|  0%| F|  |TAMS 0x0000000706400000, 0x0000000706400000| Untracked 
|  24|0x0000000706600000, 0x0000000706600000, 0x0000000706800000|  0%| F|  |TAMS 0x0000000706600000, 0x0000000706600000| Untracked 
|  25|0x0000000706800000, 0x0000000706800000, 0x0000000706a00000|  0%| F|  |TAMS 0x0000000706800000, 0x0000000706800000| Untracked 
|  26|0x0000000706a00000, 0x0000000706a00000, 0x0000000706c00000|  0%| F|  |TAMS 0x0000000706a00000, 0x0000000706a00000| Untracked 
|  27|0x0000000706c00000, 0x0000000706c00000, 0x0000000706e00000|  0%| F|  |TAMS 0x0000000706c00000, 0x0000000706c00000| Untracked 
|  28|0x0000000706e00000, 0x0000000706e00000, 0x0000000707000000|  0%| F|  |TAMS 0x0000000706e00000, 0x0000000706e00000| Untracked 
|  29|0x0000000707000000, 0x0000000707000000, 0x0000000707200000|  0%| F|  |TAMS 0x0000000707000000, 0x0000000707000000| Untracked 
|  30|0x0000000707200000, 0x0000000707200000, 0x0000000707400000|  0%| F|  |TAMS 0x0000000707200000, 0x0000000707200000| Untracked 
|  31|0x0000000707400000, 0x0000000707400000, 0x0000000707600000|  0%| F|  |TAMS 0x0000000707400000, 0x0000000707400000| Untracked 
|  32|0x0000000707600000, 0x0000000707600000, 0x0000000707800000|  0%| F|  |TAMS 0x0000000707600000, 0x0000000707600000| Untracked 
|  33|0x0000000707800000, 0x0000000707800000, 0x0000000707a00000|  0%| F|  |TAMS 0x0000000707800000, 0x0000000707800000| Untracked 
|  34|0x0000000707a00000, 0x0000000707a00000, 0x0000000707c00000|  0%| F|  |TAMS 0x0000000707a00000, 0x0000000707a00000| Untracked 
|  35|0x0000000707c00000, 0x0000000707c00000, 0x0000000707e00000|  0%| F|  |TAMS 0x0000000707c00000, 0x0000000707c00000| Untracked 
|  36|0x0000000707e00000, 0x0000000707e00000, 0x0000000708000000|  0%| F|  |TAMS 0x0000000707e00000, 0x0000000707e00000| Untracked 
|  37|0x0000000708000000, 0x0000000708000000, 0x0000000708200000|  0%| F|  |TAMS 0x0000000708000000, 0x0000000708000000| Untracked 
|  38|0x0000000708200000, 0x0000000708200000, 0x0000000708400000|  0%| F|  |TAMS 0x0000000708200000, 0x0000000708200000| Untracked 
|  39|0x0000000708400000, 0x0000000708400000, 0x0000000708600000|  0%| F|  |TAMS 0x0000000708400000, 0x0000000708400000| Untracked 
|  40|0x0000000708600000, 0x0000000708600000, 0x0000000708800000|  0%| F|  |TAMS 0x0000000708600000, 0x0000000708600000| Untracked 
|  41|0x0000000708800000, 0x0000000708800000, 0x0000000708a00000|  0%| F|  |TAMS 0x0000000708800000, 0x0000000708800000| Untracked 
|  42|0x0000000708a00000, 0x0000000708a00000, 0x0000000708c00000|  0%| F|  |TAMS 0x0000000708a00000, 0x0000000708a00000| Untracked 
|  43|0x0000000708c00000, 0x0000000708c00000, 0x0000000708e00000|  0%| F|  |TAMS 0x0000000708c00000, 0x0000000708c00000| Untracked 
|  44|0x0000000708e00000, 0x0000000708e00000, 0x0000000709000000|  0%| F|  |TAMS 0x0000000708e00000, 0x0000000708e00000| Untracked 
|  45|0x0000000709000000, 0x0000000709000000, 0x0000000709200000|  0%| F|  |TAMS 0x0000000709000000, 0x0000000709000000| Untracked 
|  46|0x0000000709200000, 0x0000000709200000, 0x0000000709400000|  0%| F|  |TAMS 0x0000000709200000, 0x0000000709200000| Untracked 
|  47|0x0000000709400000, 0x0000000709400000, 0x0000000709600000|  0%| F|  |TAMS 0x0000000709400000, 0x0000000709400000| Untracked 
|  48|0x0000000709600000, 0x0000000709600000, 0x0000000709800000|  0%| F|  |TAMS 0x0000000709600000, 0x0000000709600000| Untracked 
|  49|0x0000000709800000, 0x0000000709800000, 0x0000000709a00000|  0%| F|  |TAMS 0x0000000709800000, 0x0000000709800000| Untracked 
|  50|0x0000000709a00000, 0x0000000709a00000, 0x0000000709c00000|  0%| F|  |TAMS 0x0000000709a00000, 0x0000000709a00000| Untracked 
|  51|0x0000000709c00000, 0x0000000709c00000, 0x0000000709e00000|  0%| F|  |TAMS 0x0000000709c00000, 0x0000000709c00000| Untracked 
|  52|0x0000000709e00000, 0x0000000709e00000, 0x000000070a000000|  0%| F|  |TAMS 0x0000000709e00000, 0x0000000709e00000| Untracked 
|  53|0x000000070a000000, 0x000000070a000000, 0x000000070a200000|  0%| F|  |TAMS 0x000000070a000000, 0x000000070a000000| Untracked 
|  54|0x000000070a200000, 0x000000070a200000, 0x000000070a400000|  0%| F|  |TAMS 0x000000070a200000, 0x000000070a200000| Untracked 
|  55|0x000000070a400000, 0x000000070a400000, 0x000000070a600000|  0%| F|  |TAMS 0x000000070a400000, 0x000000070a400000| Untracked 
|  56|0x000000070a600000, 0x000000070a600000, 0x000000070a800000|  0%| F|  |TAMS 0x000000070a600000, 0x000000070a600000| Untracked 
|  57|0x000000070a800000, 0x000000070a800000, 0x000000070aa00000|  0%| F|  |TAMS 0x000000070a800000, 0x000000070a800000| Untracked 
|  58|0x000000070aa00000, 0x000000070aa00000, 0x000000070ac00000|  0%| F|  |TAMS 0x000000070aa00000, 0x000000070aa00000| Untracked 
|  59|0x000000070ac00000, 0x000000070ac00000, 0x000000070ae00000|  0%| F|  |TAMS 0x000000070ac00000, 0x000000070ac00000| Untracked 
|  60|0x000000070ae00000, 0x000000070ae00000, 0x000000070b000000|  0%| F|  |TAMS 0x000000070ae00000, 0x000000070ae00000| Untracked 
|  61|0x000000070b000000, 0x000000070b000000, 0x000000070b200000|  0%| F|  |TAMS 0x000000070b000000, 0x000000070b000000| Untracked 
|  62|0x000000070b200000, 0x000000070b200000, 0x000000070b400000|  0%| F|  |TAMS 0x000000070b200000, 0x000000070b200000| Untracked 
|  63|0x000000070b400000, 0x000000070b400000, 0x000000070b600000|  0%| F|  |TAMS 0x000000070b400000, 0x000000070b400000| Untracked 
|  64|0x000000070b600000, 0x000000070b600000, 0x000000070b800000|  0%| F|  |TAMS 0x000000070b600000, 0x000000070b600000| Untracked 
|  65|0x000000070b800000, 0x000000070b800000, 0x000000070ba00000|  0%| F|  |TAMS 0x000000070b800000, 0x000000070b800000| Untracked 
|  66|0x000000070ba00000, 0x000000070ba00000, 0x000000070bc00000|  0%| F|  |TAMS 0x000000070ba00000, 0x000000070ba00000| Untracked 
|  67|0x000000070bc00000, 0x000000070bc00000, 0x000000070be00000|  0%| F|  |TAMS 0x000000070bc00000, 0x000000070bc00000| Untracked 
|  68|0x000000070be00000, 0x000000070be00000, 0x000000070c000000|  0%| F|  |TAMS 0x000000070be00000, 0x000000070be00000| Untracked 
|  69|0x000000070c000000, 0x000000070c000000, 0x000000070c200000|  0%| F|  |TAMS 0x000000070c000000, 0x000000070c000000| Untracked 
|  70|0x000000070c200000, 0x000000070c200000, 0x000000070c400000|  0%| F|  |TAMS 0x000000070c200000, 0x000000070c200000| Untracked 
|  71|0x000000070c400000, 0x000000070c400000, 0x000000070c600000|  0%| F|  |TAMS 0x000000070c400000, 0x000000070c400000| Untracked 
|  72|0x000000070c600000, 0x000000070c600000, 0x000000070c800000|  0%| F|  |TAMS 0x000000070c600000, 0x000000070c600000| Untracked 
|  73|0x000000070c800000, 0x000000070c800000, 0x000000070ca00000|  0%| F|  |TAMS 0x000000070c800000, 0x000000070c800000| Untracked 
|  74|0x000000070ca00000, 0x000000070ca00000, 0x000000070cc00000|  0%| F|  |TAMS 0x000000070ca00000, 0x000000070ca00000| Untracked 
|  75|0x000000070cc00000, 0x000000070cc00000, 0x000000070ce00000|  0%| F|  |TAMS 0x000000070cc00000, 0x000000070cc00000| Untracked 
|  76|0x000000070ce00000, 0x000000070ce00000, 0x000000070d000000|  0%| F|  |TAMS 0x000000070ce00000, 0x000000070ce00000| Untracked 
|  77|0x000000070d000000, 0x000000070d000000, 0x000000070d200000|  0%| F|  |TAMS 0x000000070d000000, 0x000000070d000000| Untracked 
|  78|0x000000070d200000, 0x000000070d200000, 0x000000070d400000|  0%| F|  |TAMS 0x000000070d200000, 0x000000070d200000| Untracked 
|  79|0x000000070d400000, 0x000000070d400000, 0x000000070d600000|  0%| F|  |TAMS 0x000000070d400000, 0x000000070d400000| Untracked 
|  80|0x000000070d600000, 0x000000070d600000, 0x000000070d800000|  0%| F|  |TAMS 0x000000070d600000, 0x000000070d600000| Untracked 
|  81|0x000000070d800000, 0x000000070d800000, 0x000000070da00000|  0%| F|  |TAMS 0x000000070d800000, 0x000000070d800000| Untracked 
|  82|0x000000070da00000, 0x000000070da00000, 0x000000070dc00000|  0%| F|  |TAMS 0x000000070da00000, 0x000000070da00000| Untracked 
|  83|0x000000070dc00000, 0x000000070dc00000, 0x000000070de00000|  0%| F|  |TAMS 0x000000070dc00000, 0x000000070dc00000| Untracked 
|  84|0x000000070de00000, 0x000000070de00000, 0x000000070e000000|  0%| F|  |TAMS 0x000000070de00000, 0x000000070de00000| Untracked 
|  85|0x000000070e000000, 0x000000070e000000, 0x000000070e200000|  0%| F|  |TAMS 0x000000070e000000, 0x000000070e000000| Untracked 
|  86|0x000000070e200000, 0x000000070e200000, 0x000000070e400000|  0%| F|  |TAMS 0x000000070e200000, 0x000000070e200000| Untracked 
|  87|0x000000070e400000, 0x000000070e400000, 0x000000070e600000|  0%| F|  |TAMS 0x000000070e400000, 0x000000070e400000| Untracked 
|  88|0x000000070e600000, 0x000000070e600000, 0x000000070e800000|  0%| F|  |TAMS 0x000000070e600000, 0x000000070e600000| Untracked 
|  89|0x000000070e800000, 0x000000070e800000, 0x000000070ea00000|  0%| F|  |TAMS 0x000000070e800000, 0x000000070e800000| Untracked 
|  90|0x000000070ea00000, 0x000000070ea00000, 0x000000070ec00000|  0%| F|  |TAMS 0x000000070ea00000, 0x000000070ea00000| Untracked 
|  91|0x000000070ec00000, 0x000000070ec00000, 0x000000070ee00000|  0%| F|  |TAMS 0x000000070ec00000, 0x000000070ec00000| Untracked 
|  92|0x000000070ee00000, 0x000000070ee00000, 0x000000070f000000|  0%| F|  |TAMS 0x000000070ee00000, 0x000000070ee00000| Untracked 
|  93|0x000000070f000000, 0x000000070f000000, 0x000000070f200000|  0%| F|  |TAMS 0x000000070f000000, 0x000000070f000000| Untracked 
|  94|0x000000070f200000, 0x000000070f200000, 0x000000070f400000|  0%| F|  |TAMS 0x000000070f200000, 0x000000070f200000| Untracked 
|  95|0x000000070f400000, 0x000000070f400000, 0x000000070f600000|  0%| F|  |TAMS 0x000000070f400000, 0x000000070f400000| Untracked 
|  96|0x000000070f600000, 0x000000070f600000, 0x000000070f800000|  0%| F|  |TAMS 0x000000070f600000, 0x000000070f600000| Untracked 
|  97|0x000000070f800000, 0x000000070f800000, 0x000000070fa00000|  0%| F|  |TAMS 0x000000070f800000, 0x000000070f800000| Untracked 
|  98|0x000000070fa00000, 0x000000070fa00000, 0x000000070fc00000|  0%| F|  |TAMS 0x000000070fa00000, 0x000000070fa00000| Untracked 
|  99|0x000000070fc00000, 0x000000070fc00000, 0x000000070fe00000|  0%| F|  |TAMS 0x000000070fc00000, 0x000000070fc00000| Untracked 
| 100|0x000000070fe00000, 0x000000070fe00000, 0x0000000710000000|  0%| F|  |TAMS 0x000000070fe00000, 0x000000070fe00000| Untracked 
| 101|0x0000000710000000, 0x0000000710000000, 0x0000000710200000|  0%| F|  |TAMS 0x0000000710000000, 0x0000000710000000| Untracked 
| 102|0x0000000710200000, 0x0000000710200000, 0x0000000710400000|  0%| F|  |TAMS 0x0000000710200000, 0x0000000710200000| Untracked 
| 103|0x0000000710400000, 0x0000000710400000, 0x0000000710600000|  0%| F|  |TAMS 0x0000000710400000, 0x0000000710400000| Untracked 
| 104|0x0000000710600000, 0x0000000710600000, 0x0000000710800000|  0%| F|  |TAMS 0x0000000710600000, 0x0000000710600000| Untracked 
| 105|0x0000000710800000, 0x0000000710800000, 0x0000000710a00000|  0%| F|  |TAMS 0x0000000710800000, 0x0000000710800000| Untracked 
| 106|0x0000000710a00000, 0x0000000710a00000, 0x0000000710c00000|  0%| F|  |TAMS 0x0000000710a00000, 0x0000000710a00000| Untracked 
| 107|0x0000000710c00000, 0x0000000710c00000, 0x0000000710e00000|  0%| F|  |TAMS 0x0000000710c00000, 0x0000000710c00000| Untracked 
| 108|0x0000000710e00000, 0x0000000710e00000, 0x0000000711000000|  0%| F|  |TAMS 0x0000000710e00000, 0x0000000710e00000| Untracked 
| 109|0x0000000711000000, 0x0000000711000000, 0x0000000711200000|  0%| F|  |TAMS 0x0000000711000000, 0x0000000711000000| Untracked 
| 110|0x0000000711200000, 0x0000000711200000, 0x0000000711400000|  0%| F|  |TAMS 0x0000000711200000, 0x0000000711200000| Untracked 
| 111|0x0000000711400000, 0x0000000711400000, 0x0000000711600000|  0%| F|  |TAMS 0x0000000711400000, 0x0000000711400000| Untracked 
| 112|0x0000000711600000, 0x0000000711600000, 0x0000000711800000|  0%| F|  |TAMS 0x0000000711600000, 0x0000000711600000| Untracked 
| 113|0x0000000711800000, 0x0000000711800000, 0x0000000711a00000|  0%| F|  |TAMS 0x0000000711800000, 0x0000000711800000| Untracked 
| 114|0x0000000711a00000, 0x0000000711c00000, 0x0000000711c00000|100%| S|CS|TAMS 0x0000000711a00000, 0x0000000711a00000| Complete 
| 115|0x0000000711c00000, 0x0000000711e00000, 0x0000000711e00000|100%| S|CS|TAMS 0x0000000711c00000, 0x0000000711c00000| Complete 
| 116|0x0000000711e00000, 0x0000000711e00000, 0x0000000712000000|  0%| F|  |TAMS 0x0000000711e00000, 0x0000000711e00000| Untracked 
| 117|0x0000000712000000, 0x0000000712000000, 0x0000000712200000|  0%| F|  |TAMS 0x0000000712000000, 0x0000000712000000| Untracked 
| 118|0x0000000712200000, 0x0000000712200000, 0x0000000712400000|  0%| F|  |TAMS 0x0000000712200000, 0x0000000712200000| Untracked 
| 119|0x0000000712400000, 0x0000000712400000, 0x0000000712600000|  0%| F|  |TAMS 0x0000000712400000, 0x0000000712400000| Untracked 
| 120|0x0000000712600000, 0x0000000712600000, 0x0000000712800000|  0%| F|  |TAMS 0x0000000712600000, 0x0000000712600000| Untracked 
| 121|0x0000000712800000, 0x0000000712800000, 0x0000000712a00000|  0%| F|  |TAMS 0x0000000712800000, 0x0000000712800000| Untracked 
| 122|0x0000000712a00000, 0x0000000712a00000, 0x0000000712c00000|  0%| F|  |TAMS 0x0000000712a00000, 0x0000000712a00000| Untracked 
| 123|0x0000000712c00000, 0x0000000712c00000, 0x0000000712e00000|  0%| F|  |TAMS 0x0000000712c00000, 0x0000000712c00000| Untracked 
| 124|0x0000000712e00000, 0x0000000712fb1478, 0x0000000713000000| 84%| E|  |TAMS 0x0000000712e00000, 0x0000000712e00000| Complete 
| 125|0x0000000713000000, 0x0000000713200000, 0x0000000713200000|100%| E|CS|TAMS 0x0000000713000000, 0x0000000713000000| Complete 
| 126|0x0000000713200000, 0x0000000713400000, 0x0000000713400000|100%| E|CS|TAMS 0x0000000713200000, 0x0000000713200000| Complete 

Card table byte_map: [0x000001c94d410000,0x000001c94dc00000] _byte_map_base: 0x000001c949bf5000

Marking Bits (Prev, Next): (CMBitMap*) 0x000001c939d55840, (CMBitMap*) 0x000001c939d55880
 Prev Bits: [0x000001c94e3f0000, 0x000001c952318000)
 Next Bits: [0x000001c952320000, 0x000001c956248000)

Polling page: 0x000001c937c90000

Metaspace:

Usage:
  Non-class:     12.79 MB used.
      Class:      1.48 MB used.
       Both:     14.27 MB used.

Virtual space:
  Non-class space:       16.00 MB reserved,      12.88 MB ( 80%) committed,  2 nodes.
      Class space:        1.00 GB reserved,       1.56 MB ( <1%) committed,  1 nodes.
             Both:        1.02 GB reserved,      14.44 MB (  1%) committed. 

Chunk freelists:
   Non-Class:  2.94 MB
       Class:  2.42 MB
        Both:  5.36 MB

MaxMetaspaceSize: unlimited
CompressedClassSpaceSize: 1.00 GB
Initial GC threshold: 21.00 MB
Current GC threshold: 21.00 MB
CDS: off
MetaspaceReclaimPolicy: balanced
 - commit_granule_bytes: 65536.
 - commit_granule_words: 8192.
 - virtual_space_node_default_size: 1048576.
 - enlarge_chunks_in_place: 1.
 - new_chunks_are_fully_committed: 0.
 - uncommit_free_chunks: 1.
 - use_allocation_guard: 0.
 - handle_deallocations: 1.


Internal statistics:

num_allocs_failed_limit: 0.
num_arena_births: 90.
num_arena_deaths: 0.
num_vsnodes_births: 3.
num_vsnodes_deaths: 0.
num_space_committed: 231.
num_space_uncommitted: 0.
num_chunks_returned_to_freelist: 0.
num_chunks_taken_from_freelist: 290.
num_chunk_merges: 0.
num_chunk_splits: 152.
num_chunks_enlarged: 95.
num_purges: 0.
num_inconsistent_stats: 0.

CodeHeap 'non-profiled nmethods': size=119168Kb used=429Kb max_used=429Kb free=118738Kb
 bounds [0x000001c944f40000, 0x000001c9451b0000, 0x000001c94c3a0000]
CodeHeap 'profiled nmethods': size=119104Kb used=2754Kb max_used=2754Kb free=116349Kb
 bounds [0x000001c93daf0000, 0x000001c93ddb0000, 0x000001c944f40000]
CodeHeap 'non-nmethods': size=7488Kb used=1752Kb max_used=2334Kb free=5735Kb
 bounds [0x000001c93d3a0000, 0x000001c93d610000, 0x000001c93daf0000]
 total_blobs=1838 nmethods=1362 adapters=388
 compilation: enabled
              stopped_count=0, restarted_count=0
 full_count=0

Compilation events (20 events):
Event: 1.738 Thread 0x000001c95b1c42f0 1349       4       java.lang.ThreadLocal$ThreadLocalMap::getEntry (42 bytes)
Event: 1.738 Thread 0x000001c95b1cbc70 nmethod 1347 0x000001c944fa3010 code [0x000001c944fa3180, 0x000001c944fa3238]
Event: 1.738 Thread 0x000001c95b1cbc70 1350       4       java.lang.AbstractStringBuilder::append (33 bytes)
Event: 1.738 Thread 0x000001c959cced40 nmethod 1355 0x000001c944fa3310 code [0x000001c944fa34c0, 0x000001c944fa3618]
Event: 1.738 Thread 0x000001c959cced40 1351       4       java.lang.StringBuilder::append (8 bytes)
Event: 1.739 Thread 0x000001c95b1c42f0 nmethod 1349 0x000001c944fa3710 code [0x000001c944fa38a0, 0x000001c944fa39c8]
Event: 1.739 Thread 0x000001c95b1c42f0 1356       4       jdk.internal.math.FloatingDecimal$BinaryToASCIIBuffer::appendTo (72 bytes)
Event: 1.739 Thread 0x000001c95b1c5c40 nmethod 1348 0x000001c944fa3b10 code [0x000001c944fa3ca0, 0x000001c944fa3df8]
Event: 1.739 Thread 0x000001c95b1c5c40 1357       4       jdk.internal.math.FloatingDecimal$BinaryToASCIIBuffer::getChars (502 bytes)
Event: 1.739 Thread 0x000001c95b1c4d10 nmethod 1353 0x000001c944fa3f90 code [0x000001c944fa4140, 0x000001c944fa43a8]
Event: 1.739 Thread 0x000001c95b1c4d10 1358       4       jdk.internal.math.FloatingDecimal$BinaryToASCIIBuffer::roundup (104 bytes)
Event: 1.742 Thread 0x000001c95b1c4d10 nmethod 1358 0x000001c944fa4710 code [0x000001c944fa4880, 0x000001c944fa4978]
Event: 1.743 Thread 0x000001c959cce320 1359 %     3       java.lang.StringCoding::implEncodeAsciiArray @ 3 (47 bytes)
Event: 1.743 Thread 0x000001c95b1c5c40 nmethod 1357 0x000001c944fa4a90 code [0x000001c944fa4c20, 0x000001c944fa5028]
Event: 1.743 Thread 0x000001c959cce320 nmethod 1359% 0x000001c93dd9fe10 code [0x000001c93dd9ffc0, 0x000001c93dda02b8]
Event: 1.743 Thread 0x000001c959cce830 1360       3       java.lang.StringCoding::implEncodeAsciiArray (47 bytes)
Event: 1.744 Thread 0x000001c959cce830 nmethod 1360 0x000001c93dda0410 code [0x000001c93dda05c0, 0x000001c93dda0818]
Event: 1.744 Thread 0x000001c95b1c4d10 1361 %     4       java.lang.StringCoding::implEncodeAsciiArray @ 3 (47 bytes)
Event: 1.744 Thread 0x000001c95b1c5c40 1362       4       net.Matrix1D::set (54 bytes)
Event: 1.748 Thread 0x000001c95b1c4d10 nmethod 1361% 0x000001c944fa5310 code [0x000001c944fa54a0, 0x000001c944fa58f8]

GC Heap History (2 events):
Event: 0.435 GC heap before
{Heap before GC invocations=0 (full 0):
 garbage-first heap   total 260096K, used 20480K [0x0000000703600000, 0x0000000800000000)
  region size 2048K, 11 young (22528K), 0 survivors (0K)
 Metaspace       used 14046K, committed 14208K, reserved 1064960K
  class space    used 1472K, committed 1536K, reserved 1048576K
}
Event: 0.437 GC heap after
{Heap after GC invocations=1 (full 0):
 garbage-first heap   total 260096K, used 5966K [0x0000000703600000, 0x0000000800000000)
  region size 2048K, 2 young (4096K), 2 survivors (4096K)
 Metaspace       used 14046K, committed 14208K, reserved 1064960K
  class space    used 1472K, committed 1536K, reserved 1048576K
}

Deoptimization events (20 events):
Event: 0.431 Thread 0x000001c939ce7790 DEOPT PACKING pc=0x000001c944f76648 sp=0x00000062f8dfbd30
Event: 0.431 Thread 0x000001c939ce7790 DEOPT UNPACKING pc=0x000001c93d3f5c23 sp=0x00000062f8dfbcd0 mode 2
Event: 0.432 Thread 0x000001c939ce7790 Uncommon trap: trap_request=0xffffff45 fr.pc=0x000001c944f4e3a8 relative=0x00000000000001a8
Event: 0.432 Thread 0x000001c939ce7790 Uncommon trap: reason=unstable_if action=reinterpret pc=0x000001c944f4e3a8 method=java.lang.String.hashCode()I @ 20 c2
Event: 0.432 Thread 0x000001c939ce7790 DEOPT PACKING pc=0x000001c944f4e3a8 sp=0x00000062f8dfc5a0
Event: 0.432 Thread 0x000001c939ce7790 DEOPT UNPACKING pc=0x000001c93d3f5c23 sp=0x00000062f8dfc530 mode 2
Event: 0.446 Thread 0x000001c939ce7790 DEOPT PACKING pc=0x000001c93dd89072 sp=0x00000062f8dfc7a0
Event: 0.446 Thread 0x000001c939ce7790 DEOPT UNPACKING pc=0x000001c93d3f6763 sp=0x00000062f8dfbcc0 mode 0
Event: 0.460 Thread 0x000001c939ce7790 DEOPT PACKING pc=0x000001c93dd899c0 sp=0x00000062f8dfc7b0
Event: 0.460 Thread 0x000001c939ce7790 DEOPT UNPACKING pc=0x000001c93d3f6763 sp=0x00000062f8dfbcb0 mode 0
Event: 0.485 Thread 0x000001c939ce7790 Uncommon trap: trap_request=0xffffff45 fr.pc=0x000001c944f964c8 relative=0x0000000000001628
Event: 0.485 Thread 0x000001c939ce7790 Uncommon trap: reason=unstable_if action=reinterpret pc=0x000001c944f964c8 method=java.io.WinNTFileSystem.normalize(Ljava/lang/String;)Ljava/lang/String; @ 128 c2
Event: 0.485 Thread 0x000001c939ce7790 DEOPT PACKING pc=0x000001c944f964c8 sp=0x00000062f8dfacc0
Event: 0.485 Thread 0x000001c939ce7790 DEOPT UNPACKING pc=0x000001c93d3f5c23 sp=0x00000062f8dfaca8 mode 2
Event: 1.744 Thread 0x000001c939ce7790 Uncommon trap: trap_request=0xffffff45 fr.pc=0x000001c944f9ade0 relative=0x00000000000002a0
Event: 1.744 Thread 0x000001c939ce7790 Uncommon trap: reason=unstable_if action=reinterpret pc=0x000001c944f9ade0 method=tests.MatrixTest.generateMatrix(II)[[F @ 46 c2
Event: 1.744 Thread 0x000001c939ce7790 DEOPT PACKING pc=0x000001c944f9ade0 sp=0x00000062f8dfc820
Event: 1.744 Thread 0x000001c939ce7790 DEOPT UNPACKING pc=0x000001c93d3f5c23 sp=0x00000062f8dfc7c0 mode 2
Event: 1.744 Thread 0x000001c939ce7790 DEOPT PACKING pc=0x000001c93dd8b280 sp=0x00000062f8dfc810
Event: 1.744 Thread 0x000001c939ce7790 DEOPT UNPACKING pc=0x000001c93d3f6763 sp=0x00000062f8dfbcb8 mode 0

Classes unloaded (0 events):
No events

Classes redefined (0 events):
No events

Internal exceptions (20 events):
Event: 0.279 Thread 0x000001c939ce7790 Exception <a 'java/lang/NoSuchMethodError'{0x0000000712801158}: 'void java.lang.invoke.DirectMethodHandle$Holder.invokeInterface(java.lang.Object, java.lang.Object, java.lang.Object)'> (0x0000000712801158) 
thrown [s\src\hotspot\share\interpreter\linkResolver.cpp, line 759]
Event: 0.282 Thread 0x000001c939ce7790 Exception <a 'java/lang/NoSuchMethodError'{0x00000007128413a8}: 'java.lang.Object java.lang.invoke.DirectMethodHandle$Holder.newInvokeSpecial(java.lang.Object, java.lang.Object, java.lang.Object, java.lang.Object, java.lang.Object, java.lang.Object)'> (0x00000007128413a8) 
thrown [s\src\hotspot\share\interpreter\linkResolver.cpp, line 759]
Event: 0.286 Thread 0x000001c939ce7790 Exception <a 'java/lang/NoSuchMethodError'{0x00000007128891d0}: 'void java.lang.invoke.DirectMethodHandle$Holder.invokeInterface(java.lang.Object, java.lang.Object, java.lang.Object, java.lang.Object, java.lang.Object)'> (0x00000007128891d0) 
thrown [s\src\hotspot\share\interpreter\linkResolver.cpp, line 759]
Event: 0.286 Thread 0x000001c939ce7790 Exception <a 'java/lang/IncompatibleClassChangeError'{0x000000071288d148}: Found class java.lang.Object, but interface was expected> (0x000000071288d148) 
thrown [s\src\hotspot\share\interpreter\linkResolver.cpp, line 826]
Event: 0.289 Thread 0x000001c939ce7790 Exception <a 'java/lang/IncompatibleClassChangeError'{0x00000007128bdae0}: Found class java.lang.Object, but interface was expected> (0x00000007128bdae0) 
thrown [s\src\hotspot\share\interpreter\linkResolver.cpp, line 826]
Event: 0.290 Thread 0x000001c939ce7790 Exception <a 'java/lang/NoSuchMethodError'{0x00000007128d66b0}: 'java.lang.Object java.lang.invoke.DirectMethodHandle$Holder.invokeStatic(java.lang.Object, java.lang.Object, int)'> (0x00000007128d66b0) 
thrown [s\src\hotspot\share\interpreter\linkResolver.cpp, line 759]
Event: 0.296 Thread 0x000001c939ce7790 Exception <a 'java/lang/NoSuchMethodError'{0x0000000712929608}: 'void java.lang.invoke.DirectMethodHandle$Holder.invokeSpecial(java.lang.Object, java.lang.Object, java.lang.Object, java.lang.Object, java.lang.Object)'> (0x0000000712929608) 
thrown [s\src\hotspot\share\interpreter\linkResolver.cpp, line 759]
Event: 0.375 Thread 0x000001c939ce7790 Exception <a 'java/lang/NoSuchMethodError'{0x000000071253e9b0}: 'java.lang.Object java.lang.invoke.DirectMethodHandle$Holder.newInvokeSpecial(java.lang.Object, java.lang.Object, int)'> (0x000000071253e9b0) 
thrown [s\src\hotspot\share\interpreter\linkResolver.cpp, line 759]
Event: 0.380 Thread 0x000001c939ce7790 Exception <a 'java/lang/NoSuchMethodError'{0x0000000712575730}: 'void java.lang.invoke.DirectMethodHandle$Holder.invokeInterface(java.lang.Object, java.lang.Object, java.lang.Object, java.lang.Object)'> (0x0000000712575730) 
thrown [s\src\hotspot\share\interpreter\linkResolver.cpp, line 759]
Event: 0.380 Thread 0x000001c939ce7790 Exception <a 'java/lang/IncompatibleClassChangeError'{0x0000000712579058}: Found class java.lang.Object, but interface was expected> (0x0000000712579058) 
thrown [s\src\hotspot\share\interpreter\linkResolver.cpp, line 826]
Event: 0.382 Thread 0x000001c939ce7790 Exception <a 'java/lang/NoSuchMethodError'{0x000000071259ee10}: 'void java.lang.invoke.DirectMethodHandle$Holder.invokeStatic(java.lang.Object, java.lang.Object, java.lang.Object, java.lang.Object)'> (0x000000071259ee10) 
thrown [s\src\hotspot\share\interpreter\linkResolver.cpp, line 759]
Event: 0.386 Thread 0x000001c939ce7790 Exception <a 'java/lang/NoSuchMethodError'{0x00000007125efd08}: 'int java.lang.invoke.DirectMethodHandle$Holder.invokeStatic(java.lang.Object, java.lang.Object, java.lang.Object, java.lang.Object)'> (0x00000007125efd08) 
thrown [s\src\hotspot\share\interpreter\linkResolver.cpp, line 759]
Event: 0.387 Thread 0x000001c939ce7790 Exception <a 'java/lang/NoSuchMethodError'{0x00000007125f3688}: 'java.lang.Object java.lang.invoke.Invokers$Holder.invokeExact_MT(java.lang.Object, java.lang.Object, java.lang.Object, java.lang.Object, java.lang.Object, java.lang.Object)'> (0x00000007125f3688) 
thrown [s\src\hotspot\share\interpreter\linkResolver.cpp, line 759]
Event: 0.387 Thread 0x000001c939ce7790 Exception <a 'java/lang/NoSuchMethodError'{0x0000000712203868}: 'int java.lang.invoke.DirectMethodHandle$Holder.invokeStatic(java.lang.Object, java.lang.Object, java.lang.Object, java.lang.Object, java.lang.Object)'> (0x0000000712203868) 
thrown [s\src\hotspot\share\interpreter\linkResolver.cpp, line 759]
Event: 0.392 Thread 0x000001c939ce7790 Exception <a 'java/lang/NoSuchMethodError'{0x0000000712245c40}: 'void java.lang.invoke.DirectMethodHandle$Holder.invokeStaticInit(java.lang.Object)'> (0x0000000712245c40) 
thrown [s\src\hotspot\share\interpreter\linkResolver.cpp, line 759]
Event: 0.409 Thread 0x000001c939ce7790 Exception <a 'java/lang/NoSuchMethodError'{0x000000071238d8e8}: 'int java.lang.invoke.DirectMethodHandle$Holder.invokeStaticInit(java.lang.Object, java.lang.Object)'> (0x000000071238d8e8) 
thrown [s\src\hotspot\share\interpreter\linkResolver.cpp, line 759]
Event: 0.422 Thread 0x000001c939ce7790 Exception <a 'java/lang/NoSuchMethodError'{0x00000007120790c8}: 'java.lang.Object java.lang.invoke.DirectMethodHandle$Holder.newInvokeSpecial(java.lang.Object, java.lang.Object, java.lang.Object, java.lang.Object, java.lang.Object, java.lang.Object, java.lang.Object)'> (0x00000007120790c8) 
thrown [s\src\hotspot\share\interpreter\linkResolver.cpp, line 759]
Event: 0.422 Thread 0x000001c939ce7790 Exception <a 'java/lang/NoSuchMethodError'{0x000000071207dc80}: 'java.lang.Object java.lang.invoke.Invokers$Holder.linkToTargetMethod(java.lang.Object, java.lang.Object, java.lang.Object, java.lang.Object, java.lang.Object, java.lang.Object, java.lang.Object)'> (0x000000071207dc80) 
thrown [s\src\hotspot\share\interpreter\linkResolver.cpp, line 759]
Event: 0.423 Thread 0x000001c939ce7790 Exception <a 'java/lang/NoSuchMethodError'{0x000000071208d160}: 'java.lang.Object java.lang.invoke.DirectMethodHandle$Holder.invokeInterface(java.lang.Object, java.lang.Object, java.lang.Object, java.lang.Object, java.lang.Object)'> (0x000000071208d160) 
thrown [s\src\hotspot\share\interpreter\linkResolver.cpp, line 759]
Event: 0.423 Thread 0x000001c939ce7790 Exception <a 'java/lang/IncompatibleClassChangeError'{0x0000000712090f58}: Found class java.lang.Object, but interface was expected> (0x0000000712090f58) 
thrown [s\src\hotspot\share\interpreter\linkResolver.cpp, line 826]

VM Operations (20 events):
Event: 0.307 Executing VM operation: HandshakeAllThreads
Event: 0.307 Executing VM operation: HandshakeAllThreads done
Event: 0.314 Executing VM operation: HandshakeAllThreads
Event: 0.314 Executing VM operation: HandshakeAllThreads done
Event: 0.366 Executing VM operation: HandshakeAllThreads
Event: 0.366 Executing VM operation: HandshakeAllThreads done
Event: 0.367 Executing VM operation: HandshakeAllThreads
Event: 0.367 Executing VM operation: HandshakeAllThreads done
Event: 0.370 Executing VM operation: HandshakeAllThreads
Event: 0.370 Executing VM operation: HandshakeAllThreads done
Event: 0.425 Executing VM operation: HandshakeAllThreads
Event: 0.425 Executing VM operation: HandshakeAllThreads done
Event: 0.432 Executing VM operation: HandshakeAllThreads
Event: 0.432 Executing VM operation: HandshakeAllThreads done
Event: 0.435 Executing VM operation: G1CollectForAllocation
Event: 0.437 Executing VM operation: G1CollectForAllocation done
Event: 1.451 Executing VM operation: Cleanup
Event: 1.452 Executing VM operation: Cleanup done
Event: 1.730 Executing VM operation: HandshakeAllThreads
Event: 1.730 Executing VM operation: HandshakeAllThreads done

Events (20 events):
Event: 0.484 loading class java/lang/UnsatisfiedLinkError done
Event: 0.485 loading class java/lang/NoSuchFieldError
Event: 0.485 loading class java/lang/NoSuchFieldError done
Event: 0.487 Loaded shared library C:\Users\brent\AppData\Local\Temp\JCudaRuntime-10.1.0-windows-x86_64.dll
Event: 0.492 Loaded shared library C:\Users\brent\AppData\Local\Temp\JCudaDriver-10.1.0-windows-x86_64.dll
Event: 1.729 loading class java/nio/HeapFloatBuffer
Event: 1.729 loading class java/nio/HeapFloatBuffer done
Event: 1.730 loading class java/nio/HeapIntBuffer
Event: 1.730 loading class java/nio/HeapIntBuffer done
Event: 1.730 loading class java/lang/StrictMath
Event: 1.730 loading class java/lang/StrictMath done
Event: 1.731 loading class jdk/internal/math/FDBigInteger
Event: 1.732 loading class jdk/internal/math/FDBigInteger done
Event: 1.732 Thread 0x000001c959cced40 Thread exited: 0x000001c959cced40
Event: 1.732 Thread 0x000001c959cccee0 Thread exited: 0x000001c959cccee0
Event: 1.737 Thread 0x000001c95b1c42f0 Thread added: 0x000001c95b1c42f0
Event: 1.737 Thread 0x000001c95b1cbc70 Thread added: 0x000001c95b1cbc70
Event: 1.737 Thread 0x000001c95b1c4d10 Thread added: 0x000001c95b1c4d10
Event: 1.737 Thread 0x000001c95b1c5c40 Thread added: 0x000001c95b1c5c40
Event: 1.737 Thread 0x000001c959cced40 Thread added: 0x000001c959cced40


Dynamic libraries:
0x00007ff715f70000 - 0x00007ff715f7e000 	C:\Users\brent\.p2\pool\plugins\org.eclipse.justj.openjdk.hotspot.jre.full.win32.x86_64_17.0.4.v20221004-1257\jre\bin\javaw.exe
0x00007ffa01dd0000 - 0x00007ffa01fe4000 	C:\WINDOWS\SYSTEM32\ntdll.dll
0x00007ffa00640000 - 0x00007ffa00703000 	C:\WINDOWS\System32\KERNEL32.DLL
0x00007ff9ff690000 - 0x00007ff9ffa2d000 	C:\WINDOWS\System32\KERNELBASE.dll
0x00007ff9ffa30000 - 0x00007ff9ffb41000 	C:\WINDOWS\System32\ucrtbase.dll
0x00007ff9d2960000 - 0x00007ff9d2978000 	C:\Users\brent\.p2\pool\plugins\org.eclipse.justj.openjdk.hotspot.jre.full.win32.x86_64_17.0.4.v20221004-1257\jre\bin\jli.dll
0x00007ff9d2940000 - 0x00007ff9d2959000 	C:\Users\brent\.p2\pool\plugins\org.eclipse.justj.openjdk.hotspot.jre.full.win32.x86_64_17.0.4.v20221004-1257\jre\bin\VCRUNTIME140.dll
0x00007ffa00830000 - 0x00007ffa009dd000 	C:\WINDOWS\System32\USER32.dll
0x00007ff9ff5e0000 - 0x00007ff9ff606000 	C:\WINDOWS\System32\win32u.dll
0x00007ff9e4110000 - 0x00007ff9e439e000 	C:\WINDOWS\WinSxS\amd64_microsoft.windows.common-controls_6595b64144ccf1df_6.0.22621.608_none_a9444ca7c10bb01d\COMCTL32.dll
0x00007ffa000c0000 - 0x00007ffa000e9000 	C:\WINDOWS\System32\GDI32.dll
0x00007ffa00b80000 - 0x00007ffa00c27000 	C:\WINDOWS\System32\msvcrt.dll
0x00007ff9ff350000 - 0x00007ff9ff462000 	C:\WINDOWS\System32\gdi32full.dll
0x00007ff9ff2b0000 - 0x00007ff9ff34a000 	C:\WINDOWS\System32\msvcp_win.dll
0x00007ff9fffa0000 - 0x00007ff9fffd2000 	C:\WINDOWS\System32\IMM32.DLL
0x00007ff9f6f60000 - 0x00007ff9f6f6c000 	C:\Users\brent\.p2\pool\plugins\org.eclipse.justj.openjdk.hotspot.jre.full.win32.x86_64_17.0.4.v20221004-1257\jre\bin\vcruntime140_1.dll
0x00007ff9d28a0000 - 0x00007ff9d2931000 	C:\Users\brent\.p2\pool\plugins\org.eclipse.justj.openjdk.hotspot.jre.full.win32.x86_64_17.0.4.v20221004-1257\jre\bin\msvcp140.dll
0x00007ff9892d0000 - 0x00007ff989f16000 	C:\Users\brent\.p2\pool\plugins\org.eclipse.justj.openjdk.hotspot.jre.full.win32.x86_64_17.0.4.v20221004-1257\jre\bin\server\jvm.dll
0x00007ffa00580000 - 0x00007ffa0062e000 	C:\WINDOWS\System32\ADVAPI32.dll
0x00007ffa00c30000 - 0x00007ffa00cd4000 	C:\WINDOWS\System32\sechost.dll
0x00007ffa016d0000 - 0x00007ffa017e5000 	C:\WINDOWS\System32\RPCRT4.dll
0x00007ff9fff60000 - 0x00007ff9fff68000 	C:\WINDOWS\System32\PSAPI.DLL
0x00007ff9f5dc0000 - 0x00007ff9f5df4000 	C:\WINDOWS\SYSTEM32\WINMM.dll
0x00007ff9e33a0000 - 0x00007ff9e33a9000 	C:\WINDOWS\SYSTEM32\WSOCK32.dll
0x00007ff9f4a20000 - 0x00007ff9f4a2a000 	C:\WINDOWS\SYSTEM32\VERSION.dll
0x00007ff9ffbc0000 - 0x00007ff9ffc31000 	C:\WINDOWS\System32\WS2_32.dll
0x00007ff9fe340000 - 0x00007ff9fe358000 	C:\WINDOWS\SYSTEM32\kernel.appcore.dll
0x00007ff9ead50000 - 0x00007ff9ead5a000 	C:\Users\brent\.p2\pool\plugins\org.eclipse.justj.openjdk.hotspot.jre.full.win32.x86_64_17.0.4.v20221004-1257\jre\bin\jimage.dll
0x00007ff9fcb60000 - 0x00007ff9fcd8e000 	C:\WINDOWS\SYSTEM32\DBGHELP.DLL
0x00007ffa000f0000 - 0x00007ffa0047a000 	C:\WINDOWS\System32\combase.dll
0x00007ff9fffe0000 - 0x00007ffa000b7000 	C:\WINDOWS\System32\OLEAUT32.dll
0x00007ff9f4f80000 - 0x00007ff9f4fb2000 	C:\WINDOWS\SYSTEM32\dbgcore.DLL
0x00007ff9ff610000 - 0x00007ff9ff68b000 	C:\WINDOWS\System32\bcryptPrimitives.dll
0x00007ff9d2a40000 - 0x00007ff9d2a65000 	C:\Users\brent\.p2\pool\plugins\org.eclipse.justj.openjdk.hotspot.jre.full.win32.x86_64_17.0.4.v20221004-1257\jre\bin\java.dll
0x00007ff9eabb0000 - 0x00007ff9eabc8000 	C:\Users\brent\.p2\pool\plugins\org.eclipse.justj.openjdk.hotspot.jre.full.win32.x86_64_17.0.4.v20221004-1257\jre\bin\zip.dll
0x00007ffa00e20000 - 0x00007ffa0160f000 	C:\WINDOWS\System32\SHELL32.dll
0x00007ff9fd230000 - 0x00007ff9fdaf8000 	C:\WINDOWS\SYSTEM32\windows.storage.dll
0x00007ff9fd0f0000 - 0x00007ff9fd22e000 	C:\WINDOWS\SYSTEM32\wintypes.dll
0x00007ffa00710000 - 0x00007ffa00801000 	C:\WINDOWS\System32\SHCORE.dll
0x00007ffa00dc0000 - 0x00007ffa00e1e000 	C:\WINDOWS\System32\shlwapi.dll
0x00007ff9ff120000 - 0x00007ff9ff141000 	C:\WINDOWS\SYSTEM32\profapi.dll
0x00007ff9d2a20000 - 0x00007ff9d2a39000 	C:\Users\brent\.p2\pool\plugins\org.eclipse.justj.openjdk.hotspot.jre.full.win32.x86_64_17.0.4.v20221004-1257\jre\bin\net.dll
0x00007ff9f6450000 - 0x00007ff9f657f000 	C:\WINDOWS\SYSTEM32\WINHTTP.dll
0x00007ff9fe7a0000 - 0x00007ff9fe809000 	C:\WINDOWS\system32\mswsock.dll
0x00007ff9d2a00000 - 0x00007ff9d2a15000 	C:\Users\brent\.p2\pool\plugins\org.eclipse.justj.openjdk.hotspot.jre.full.win32.x86_64_17.0.4.v20221004-1257\jre\bin\nio.dll
0x00007ff9fddc0000 - 0x00007ff9fdded000 	C:\WINDOWS\SYSTEM32\IPHLPAPI.DLL
0x00007ff9fff70000 - 0x00007ff9fff79000 	C:\WINDOWS\System32\NSI.dll
0x00007ff9f6430000 - 0x00007ff9f6449000 	C:\WINDOWS\SYSTEM32\dhcpcsvc6.DLL
0x00007ff9f6410000 - 0x00007ff9f642f000 	C:\WINDOWS\SYSTEM32\dhcpcsvc.DLL
0x00007ff9fde30000 - 0x00007ff9fdf22000 	C:\WINDOWS\SYSTEM32\DNSAPI.dll
0x00007ff9d5e20000 - 0x00007ff9d5e30000 	C:\Users\brent\.p2\pool\plugins\org.eclipse.justj.openjdk.hotspot.jre.full.win32.x86_64_17.0.4.v20221004-1257\jre\bin\verify.dll
0x00007ff9d2830000 - 0x00007ff9d289e000 	C:\Users\brent\AppData\Local\Temp\JCudaRuntime-10.1.0-windows-x86_64.dll
0x00007ff9fea10000 - 0x00007ff9fea1c000 	C:\WINDOWS\SYSTEM32\CRYPTBASE.DLL
0x00007ff9d2750000 - 0x00007ff9d2799000 	C:\Users\brent\AppData\Local\Temp\JCudaDriver-10.1.0-windows-x86_64.dll
0x00007ff9a2100000 - 0x00007ff9a242f000 	C:\WINDOWS\SYSTEM32\nvcuda.dll
0x00007ff9fc4b0000 - 0x00007ff9fc4e6000 	C:\WINDOWS\SYSTEM32\dxcore.dll
0x00007ff983590000 - 0x00007ff9852bb000 	C:\WINDOWS\system32\DriverStore\FileRepository\nvacui.inf_amd64_1e214a03c245bc18\nvcuda64.dll
0x00007ff9feea0000 - 0x00007ff9feeb2000 	C:\WINDOWS\SYSTEM32\msasn1.dll
0x00007ff9f49e0000 - 0x00007ff9f4a12000 	C:\WINDOWS\SYSTEM32\cryptnet.dll
0x00007ff9ff470000 - 0x00007ff9ff5d6000 	C:\WINDOWS\System32\CRYPT32.dll
0x00007ff9f4510000 - 0x00007ff9f4668000 	C:\WINDOWS\SYSTEM32\drvstore.dll
0x00007ff9feec0000 - 0x00007ff9feef3000 	C:\WINDOWS\SYSTEM32\devobj.dll
0x00007ff9fef00000 - 0x00007ff9fef4e000 	C:\WINDOWS\SYSTEM32\cfgmgr32.dll
0x00007ff9feaa0000 - 0x00007ff9feae9000 	C:\WINDOWS\SYSTEM32\wldp.dll
0x00007ff9ec810000 - 0x00007ff9ecf7f000 	C:\WINDOWS\SYSTEM32\nvapi64.dll
0x00007ffa017f0000 - 0x00007ffa01c6a000 	C:\WINDOWS\System32\SETUPAPI.dll

dbghelp: loaded successfully - version: 4.0.5 - missing functions: none
symbol engine: initialized successfully - sym options: 0x614 - pdb path: .;C:\Users\brent\.p2\pool\plugins\org.eclipse.justj.openjdk.hotspot.jre.full.win32.x86_64_17.0.4.v20221004-1257\jre\bin;C:\WINDOWS\SYSTEM32;C:\WINDOWS\WinSxS\amd64_microsoft.windows.common-controls_6595b64144ccf1df_6.0.22621.608_none_a9444ca7c10bb01d;C:\Users\brent\.p2\pool\plugins\org.eclipse.justj.openjdk.hotspot.jre.full.win32.x86_64_17.0.4.v20221004-1257\jre\bin\server;C:\Users\brent\AppData\Local\Temp;C:\WINDOWS\system32\DriverStore\FileRepository\nvacui.inf_amd64_1e214a03c245bc18

VM Arguments:
jvm_args: -ea -Dfile.encoding=UTF-8 -XX:+ShowCodeDetailsInExceptionMessages 
java_command: org.eclipse.jdt.internal.junit.runner.RemoteTestRunner -version 3 -port 55200 -testLoaderClass org.eclipse.jdt.internal.junit5.runner.JUnit5TestLoader -loaderpluginname org.eclipse.jdt.junit5.runtime -classNames tests.MatrixTest
java_class_path (initial): C:\Users\brent\eclipse-workspace\neural net\bin;C:\Users\brent\.p2\pool\plugins\junit-jupiter-api_5.9.0.jar;C:\Users\brent\.p2\pool\plugins\junit-jupiter-engine_5.9.0.jar;C:\Users\brent\.p2\pool\plugins\junit-jupiter-migrationsupport_5.9.0.jar;C:\Users\brent\.p2\pool\plugins\junit-jupiter-params_5.9.0.jar;C:\Users\brent\.p2\pool\plugins\junit-platform-commons_1.9.0.jar;C:\Users\brent\.p2\pool\plugins\junit-platform-engine_1.9.0.jar;C:\Users\brent\.p2\pool\plugins\junit-platform-launcher_1.9.0.jar;C:\Users\brent\.p2\pool\plugins\junit-platform-runner_1.9.0.jar;C:\Users\brent\.p2\pool\plugins\junit-platform-suite-api_1.9.0.jar;C:\Users\brent\.p2\pool\plugins\junit-platform-suite-engine_1.9.0.jar;C:\Users\brent\.p2\pool\plugins\junit-platform-suite-commons_1.9.0.jar;C:\Users\brent\.p2\pool\plugins\junit-vintage-engine_5.9.0.jar;C:\Users\brent\.p2\pool\plugins\org.opentest4j_1.2.0.jar;C:\Users\brent\.p2\pool\plugins\org.apiguardian.api_1.1.2.jar;C:\Users\brent\.p2\pool\plugins\org.junit_4.13.2.v20211018-1956.jar;C:\Users\brent\.p2\pool\plugins\org.hamcrest.core_1.3.0.v20180420-1519.jar;C:\Users\brent\JCUDA\JCuda-All-10.1.0\jcublas-10.1.0.jar;C:\Users\brent\JCUDA\JCuda-All-10.1.0\jcublas-10.1.0-javadoc.jar;C:\Users\brent\JCUDA\JCuda-All-10.1.0\jcublas-10.1.0-sources.jar;C:\Users\brent\JCUDA\JCuda-All-10.1.0\jcublas-natives-10.1.0.jar;C:\Users\brent\JCUDA\JCuda-All-10.1.0\jcublas-natives-10.1.0-apple-x86_64.jar;C:\Users\brent\JCUDA\JCuda-All-10.1.0\jcublas-natives-10.1.0-javadoc.jar;C:\Users\brent\JCUDA\JCuda-All-10.1.0\jcublas-natives-10.1.0-linux-x86_64.jar;C:\Users\brent\JCUDA\JCuda-All-10.1.0\jcublas-natives-10.1.0-sources.jar;C:\Users\brent\JCUDA\JCuda-All-10.1.0\jcublas-natives-10.1.0-windows-x86_64.jar;C:\Users\brent\JCUDA\JCuda-All-10.1.0\jcuda-10.1.0.jar;C:\Users\brent\JCUDA\JCuda-All-10.1.0\jcuda-10.1.0-javadoc.jar;C:\Users\brent\JCUDA\JCuda-All-10.1.0\jcuda-10.1.0-sources.jar;C:\Users\brent\JCUDA\JCuda-All-10.1.0\jcuda-common-10.1.0
Launcher Type: SUN_STANDARD

[Global flags]
     intx CICompilerCount                          = 12                                        {product} {ergonomic}
     uint ConcGCThreads                            = 3                                         {product} {ergonomic}
     uint G1ConcRefinementThreads                  = 13                                        {product} {ergonomic}
   size_t G1HeapRegionSize                         = 2097152                                   {product} {ergonomic}
    uintx GCDrainStackTargetSize                   = 64                                        {product} {ergonomic}
   size_t InitialHeapSize                          = 266338304                                 {product} {ergonomic}
   size_t MarkStackSize                            = 4194304                                   {product} {ergonomic}
   size_t MaxHeapSize                              = 4238344192                                {product} {ergonomic}
   size_t MaxNewSize                               = 2541748224                                {product} {ergonomic}
   size_t MinHeapDeltaBytes                        = 2097152                                   {product} {ergonomic}
   size_t MinHeapSize                              = 8388608                                   {product} {ergonomic}
    uintx NonNMethodCodeHeapSize                   = 7602480                                {pd product} {ergonomic}
    uintx NonProfiledCodeHeapSize                  = 122027880                              {pd product} {ergonomic}
    uintx ProfiledCodeHeapSize                     = 122027880                              {pd product} {ergonomic}
    uintx ReservedCodeCacheSize                    = 251658240                              {pd product} {ergonomic}
     bool SegmentedCodeCache                       = true                                      {product} {ergonomic}
     bool ShowCodeDetailsInExceptionMessages       = true                                   {manageable} {command line}
   size_t SoftMaxHeapSize                          = 4238344192                             {manageable} {ergonomic}
     bool UseCompressedClassPointers               = true                           {product lp64_product} {ergonomic}
     bool UseCompressedOops                        = true                           {product lp64_product} {ergonomic}
     bool UseG1GC                                  = true                                      {product} {ergonomic}
     bool UseLargePagesIndividualAllocation        = false                                  {pd product} {ergonomic}

Logging:
Log output configuration:
 #0: stdout all=warning uptime,level,tags
 #1: stderr all=off uptime,level,tags

Environment Variables:
PATH=C:/Users/brent/.p2/pool/plugins/org.eclipse.justj.openjdk.hotspot.jre.full.win32.x86_64_17.0.4.v20221004-1257/jre/bin/server;C:/Users/brent/.p2/pool/plugins/org.eclipse.justj.openjdk.hotspot.jre.full.win32.x86_64_17.0.4.v20221004-1257/jre/bin;C:\Program Files\NVIDIA GPU Computing Toolkit\CUDA\v12.0\bin;C:\Program Files\NVIDIA GPU Computing Toolkit\CUDA\v12.0\libnvvp;C:\Program Files\Common Files\Oracle\Java\javapath;C:\Windows\system32;C:\Windows;C:\Windows\System32\Wbem;C:\Windows\System32\WindowsPowerShell\v1.0\;C:\Windows\System32\OpenSSH\;C:\Program Files (x86)\NVIDIA Corporation\PhysX\Common;C:\Program Files\NVIDIA Corporation\NVIDIA NvDLISR;C:\WINDOWS\system32;C:\WINDOWS;C:\WINDOWS\System32\Wbem;C:\WINDOWS\System32\WindowsPowerShell\v1.0\;C:\WINDOWS\System32\OpenSSH\;C:\compilers\mingw64\bin;C:\Program Files\Git\cmd;C:\Program Files\dotnet\;C:\Program Files\NVIDIA Corporation\Nsight Compute 2022.4.0\;C:\Users\brent\AppData\Local\Programs\Python\Python310\Scripts\;C:\Users\brent\AppData\Local\Programs\Python\Python310\;C:\Users\brent\AppData\Local\Microsoft\WindowsApps;C:\Users\brent\AppData\Local\Programs\MiKTeX\miktex\bin\x64\;C:\Users\brent\AppData\Local\Programs\Microsoft VS Code\bin;C:\Users\brent\.dotnet\tools;C:\compilers\mingw64\bin;C:\Program Files\swipl\bin;C:\WINDOWS\system32;
USERNAME=brent
OS=Windows_NT
PROCESSOR_IDENTIFIER=Intel64 Family 6 Model 141 Stepping 1, GenuineIntel
TMP=C:\Users\brent\AppData\Local\Temp
TEMP=C:\Users\brent\AppData\Local\Temp



---------------  S Y S T E M  ---------------

OS:
 Windows 11 , 64 bit Build 22621 (10.0.22621.963)
OS uptime: 1 days 0:36 hours

CPU: total 16 (initial active 16) (8 cores per cpu, 2 threads per core) family 6 model 141 stepping 1 microcode 0x3c, cx8, cmov, fxsr, ht, mmx, 3dnowpref, sse, sse2, sse3, ssse3, sse4.1, sse4.2, popcnt, lzcnt, tsc, tscinvbit, avx, avx2, aes, erms, clmul, bmi1, bmi2, adx, avx512f, avx512dq, avx512cd, avx512bw, avx512vl, sha, fma, vzeroupper, avx512_vpopcntdq, avx512_vpclmulqdq, avx512_vaes, avx512_vnni, clflush, clflushopt, clwb, avx512_vbmi2, avx512_vbmi

Memory: 4k page, system-wide physical 16163M (7711M free)
TotalPageFile size 19151M (AvailPageFile size 6281M)
current process WorkingSet (physical memory assigned to process): 191M, peak: 191M
current process commit charge ("private bytes"): 601M, peak: 601M

vm_info: OpenJDK 64-Bit Server VM (17.0.4.1+1) for windows-amd64 JRE (17.0.4.1+1), built on Aug 17 2022 07:42:43 by "temurin" with MS VC++ 16.7 (VS2019)

END.
